[33mWARNING[0m:  [07-12-2025 13:02:12] chroma_server_nofile is not supported on Windows. chroma_server_nofile will not be set.
[32mINFO[0m:     [07-12-2025 13:02:12] Anonymized telemetry enabled. See                     https://docs.trychroma.com/telemetry for more information.
[36mDEBUG[0m:    [07-12-2025 13:02:12] Starting component System
[36mDEBUG[0m:    [07-12-2025 13:02:12] Starting component OpenTelemetryClient
[36mDEBUG[0m:    [07-12-2025 13:02:12] Starting component SimpleAssignmentPolicy
[36mDEBUG[0m:    [07-12-2025 13:02:12] Starting component SqliteDB
[36mDEBUG[0m:    [07-12-2025 13:02:13] Starting component Posthog
[36mDEBUG[0m:    [07-12-2025 13:02:13] Starting component LocalSegmentManager
[36mDEBUG[0m:    [07-12-2025 13:02:13] Starting component SegmentAPI
[32mINFO[0m:     [07-12-2025 13:02:13] Started server process [[36m19416[0m]
[32mINFO[0m:     [07-12-2025 13:02:13] Waiting for application startup.
[32mINFO[0m:     [07-12-2025 13:02:13] Application startup complete.
[31mERROR[0m:    [07-12-2025 13:02:13] [Errno 10048] error while attempting to bind on address ('127.0.0.1', 8000): [winerror 10048] only one usage of each socket address (protocol/network address/port) is normally permitted
[32mINFO[0m:     [07-12-2025 13:02:13] Waiting for application shutdown.
[32mINFO[0m:     [07-12-2025 13:02:13] Application shutdown complete.
[33mWARNING[0m:  [07-12-2025 13:03:17] chroma_server_nofile is not supported on Windows. chroma_server_nofile will not be set.
[32mINFO[0m:     [07-12-2025 13:03:17] Anonymized telemetry enabled. See                     https://docs.trychroma.com/telemetry for more information.
[36mDEBUG[0m:    [07-12-2025 13:03:17] Starting component System
[36mDEBUG[0m:    [07-12-2025 13:03:17] Starting component OpenTelemetryClient
[36mDEBUG[0m:    [07-12-2025 13:03:17] Starting component SimpleAssignmentPolicy
[36mDEBUG[0m:    [07-12-2025 13:03:17] Starting component SqliteDB
[36mDEBUG[0m:    [07-12-2025 13:03:18] Starting component Posthog
[36mDEBUG[0m:    [07-12-2025 13:03:18] Starting component LocalSegmentManager
[36mDEBUG[0m:    [07-12-2025 13:03:18] Starting component SegmentAPI
[32mINFO[0m:     [07-12-2025 13:03:18] Started server process [[36m16632[0m]
[32mINFO[0m:     [07-12-2025 13:03:18] Waiting for application startup.
[32mINFO[0m:     [07-12-2025 13:03:18] Application startup complete.
[31mERROR[0m:    [07-12-2025 13:03:18] [Errno 10048] error while attempting to bind on address ('127.0.0.1', 8000): [winerror 10048] only one usage of each socket address (protocol/network address/port) is normally permitted
[32mINFO[0m:     [07-12-2025 13:03:18] Waiting for application shutdown.
[32mINFO[0m:     [07-12-2025 13:03:18] Application shutdown complete.
[33mWARNING[0m:  [07-12-2025 13:03:27] chroma_server_nofile is not supported on Windows. chroma_server_nofile will not be set.
[32mINFO[0m:     [07-12-2025 13:03:27] Anonymized telemetry enabled. See                     https://docs.trychroma.com/telemetry for more information.
[36mDEBUG[0m:    [07-12-2025 13:03:27] Starting component System
[36mDEBUG[0m:    [07-12-2025 13:03:27] Starting component OpenTelemetryClient
[36mDEBUG[0m:    [07-12-2025 13:03:27] Starting component SimpleAssignmentPolicy
[36mDEBUG[0m:    [07-12-2025 13:03:27] Starting component SqliteDB
[36mDEBUG[0m:    [07-12-2025 13:03:27] Starting component Posthog
[36mDEBUG[0m:    [07-12-2025 13:03:27] Starting component LocalSegmentManager
[36mDEBUG[0m:    [07-12-2025 13:03:27] Starting component SegmentAPI
[32mINFO[0m:     [07-12-2025 13:03:27] Started server process [[36m25776[0m]
[32mINFO[0m:     [07-12-2025 13:03:27] Waiting for application startup.
[32mINFO[0m:     [07-12-2025 13:03:27] Application startup complete.
[31mERROR[0m:    [07-12-2025 13:03:27] [Errno 10048] error while attempting to bind on address ('127.0.0.1', 8000): [winerror 10048] only one usage of each socket address (protocol/network address/port) is normally permitted
[32mINFO[0m:     [07-12-2025 13:03:27] Waiting for application shutdown.
[32mINFO[0m:     [07-12-2025 13:03:27] Application shutdown complete.
[33mWARNING[0m:  [07-12-2025 13:05:10] chroma_server_nofile is not supported on Windows. chroma_server_nofile will not be set.
[32mINFO[0m:     [07-12-2025 13:05:10] Anonymized telemetry enabled. See                     https://docs.trychroma.com/telemetry for more information.
[36mDEBUG[0m:    [07-12-2025 13:05:10] Starting component System
[36mDEBUG[0m:    [07-12-2025 13:05:10] Starting component OpenTelemetryClient
[36mDEBUG[0m:    [07-12-2025 13:05:10] Starting component SimpleAssignmentPolicy
[36mDEBUG[0m:    [07-12-2025 13:05:10] Starting component SqliteDB
[36mDEBUG[0m:    [07-12-2025 13:05:10] Starting component Posthog
[36mDEBUG[0m:    [07-12-2025 13:05:10] Starting component LocalSegmentManager
[36mDEBUG[0m:    [07-12-2025 13:05:10] Starting component SegmentAPI
[32mINFO[0m:     [07-12-2025 13:05:10] Started server process [[36m23216[0m]
[32mINFO[0m:     [07-12-2025 13:05:10] Waiting for application startup.
[32mINFO[0m:     [07-12-2025 13:05:10] Application startup complete.
[31mERROR[0m:    [07-12-2025 13:05:10] [Errno 10048] error while attempting to bind on address ('127.0.0.1', 8000): [winerror 10048] only one usage of each socket address (protocol/network address/port) is normally permitted
[32mINFO[0m:     [07-12-2025 13:05:10] Waiting for application shutdown.
[32mINFO[0m:     [07-12-2025 13:05:10] Application shutdown complete.
[33mWARNING[0m:  [07-12-2025 13:05:35] chroma_server_nofile is not supported on Windows. chroma_server_nofile will not be set.
[32mINFO[0m:     [07-12-2025 13:05:35] Anonymized telemetry enabled. See                     https://docs.trychroma.com/telemetry for more information.
[36mDEBUG[0m:    [07-12-2025 13:05:35] Starting component System
[36mDEBUG[0m:    [07-12-2025 13:05:35] Starting component OpenTelemetryClient
[36mDEBUG[0m:    [07-12-2025 13:05:35] Starting component SimpleAssignmentPolicy
[36mDEBUG[0m:    [07-12-2025 13:05:35] Starting component SqliteDB
[36mDEBUG[0m:    [07-12-2025 13:05:35] Starting component Posthog
[36mDEBUG[0m:    [07-12-2025 13:05:35] Starting component LocalSegmentManager
[36mDEBUG[0m:    [07-12-2025 13:05:35] Starting component SegmentAPI
[32mINFO[0m:     [07-12-2025 13:05:35] Started server process [[36m13856[0m]
[32mINFO[0m:     [07-12-2025 13:05:35] Waiting for application startup.
[32mINFO[0m:     [07-12-2025 13:05:35] Application startup complete.
[32mINFO[0m:     [07-12-2025 13:05:35] Uvicorn running on [1mhttp://localhost:8001[0m (Press CTRL+C to quit)
[33mWARNING[0m:  [07-12-2025 13:08:44] chroma_server_nofile is not supported on Windows. chroma_server_nofile will not be set.
[32mINFO[0m:     [07-12-2025 13:08:45] Anonymized telemetry enabled. See                     https://docs.trychroma.com/telemetry for more information.
[36mDEBUG[0m:    [07-12-2025 13:08:45] Starting component System
[36mDEBUG[0m:    [07-12-2025 13:08:45] Starting component OpenTelemetryClient
[36mDEBUG[0m:    [07-12-2025 13:08:45] Starting component SimpleAssignmentPolicy
[36mDEBUG[0m:    [07-12-2025 13:08:45] Starting component SqliteDB
[36mDEBUG[0m:    [07-12-2025 13:08:45] Starting component Posthog
[36mDEBUG[0m:    [07-12-2025 13:08:45] Starting component LocalSegmentManager
[36mDEBUG[0m:    [07-12-2025 13:08:45] Starting component SegmentAPI
[32mINFO[0m:     [07-12-2025 13:08:45] Started server process [[36m26692[0m]
[32mINFO[0m:     [07-12-2025 13:08:45] Waiting for application startup.
[32mINFO[0m:     [07-12-2025 13:08:45] Application startup complete.
[31mERROR[0m:    [07-12-2025 13:08:45] [Errno 10048] error while attempting to bind on address ('::1', 8001, 0, 0): [winerror 10048] only one usage of each socket address (protocol/network address/port) is normally permitted
[32mINFO[0m:     [07-12-2025 13:08:45] Waiting for application shutdown.
[32mINFO[0m:     [07-12-2025 13:08:45] Application shutdown complete.
[32mINFO[0m:     [07-12-2025 13:09:08] ::1:59958 - "GET /api/v1/tenants/default_tenant HTTP/1.1" 200
[32mINFO[0m:     [07-12-2025 13:09:08] ::1:59958 - "GET /api/v1/databases/default_database?tenant=default_tenant HTTP/1.1" 200
[31mERROR[0m:    [07-12-2025 13:09:08] unhandled errors in a TaskGroup (1 sub-exception)
  + Exception Group Traceback (most recent call last):
  |   File "C:\Users\Gayatri Tagalpallewa\OneDrive\Desktop\vs code\credit-card\venv\Lib\site-packages\chromadb\server\fastapi\__init__.py", line 80, in catch_exceptions_middleware
  |     return await call_next(request)
  |            ^^^^^^^^^^^^^^^^^^^^^^^^
  |   File "C:\Users\Gayatri Tagalpallewa\OneDrive\Desktop\vs code\credit-card\venv\Lib\site-packages\starlette\middleware\base.py", line 84, in call_next
  |     raise app_exc
  |   File "C:\Users\Gayatri Tagalpallewa\OneDrive\Desktop\vs code\credit-card\venv\Lib\site-packages\starlette\middleware\base.py", line 70, in coro
  |     await self.app(scope, receive_or_disconnect, send_no_error)
  |   File "C:\Users\Gayatri Tagalpallewa\OneDrive\Desktop\vs code\credit-card\venv\Lib\site-packages\starlette\middleware\base.py", line 106, in __call__
  |     async with anyio.create_task_group() as task_group:
  |   File "C:\Users\Gayatri Tagalpallewa\OneDrive\Desktop\vs code\credit-card\venv\Lib\site-packages\anyio\_backends\_asyncio.py", line 783, in __aexit__
  |     raise BaseExceptionGroup(
  | ExceptionGroup: unhandled errors in a TaskGroup (1 sub-exception)
  +-+---------------- 1 ----------------
    | Traceback (most recent call last):
    |   File "C:\Users\Gayatri Tagalpallewa\OneDrive\Desktop\vs code\credit-card\venv\Lib\site-packages\starlette\middleware\base.py", line 78, in call_next
    |     message = await recv_stream.receive()
    |               ^^^^^^^^^^^^^^^^^^^^^^^^^^^
    |   File "C:\Users\Gayatri Tagalpallewa\OneDrive\Desktop\vs code\credit-card\venv\Lib\site-packages\anyio\streams\memory.py", line 132, in receive
    |     raise EndOfStream from None
    | anyio.EndOfStream
    | 
    | During handling of the above exception, another exception occurred:
    | 
    | Traceback (most recent call last):
    |   File "C:\Users\Gayatri Tagalpallewa\OneDrive\Desktop\vs code\credit-card\venv\Lib\site-packages\starlette\middleware\base.py", line 108, in __call__
    |     response = await self.dispatch_func(request, call_next)
    |                ^^^^^^^^^^^^^^^^^^^^^^^^^^^^^^^^^^^^^^^^^^^^
    |   File "C:\Users\Gayatri Tagalpallewa\OneDrive\Desktop\vs code\credit-card\venv\Lib\site-packages\chromadb\server\fastapi\__init__.py", line 94, in check_http_version_middleware
    |     return await call_next(request)
    |            ^^^^^^^^^^^^^^^^^^^^^^^^
    |   File "C:\Users\Gayatri Tagalpallewa\OneDrive\Desktop\vs code\credit-card\venv\Lib\site-packages\starlette\middleware\base.py", line 84, in call_next
    |     raise app_exc
    |   File "C:\Users\Gayatri Tagalpallewa\OneDrive\Desktop\vs code\credit-card\venv\Lib\site-packages\starlette\middleware\base.py", line 70, in coro
    |     await self.app(scope, receive_or_disconnect, send_no_error)
    |   File "C:\Users\Gayatri Tagalpallewa\OneDrive\Desktop\vs code\credit-card\venv\Lib\site-packages\starlette\middleware\exceptions.py", line 79, in __call__
    |     raise exc
    |   File "C:\Users\Gayatri Tagalpallewa\OneDrive\Desktop\vs code\credit-card\venv\Lib\site-packages\starlette\middleware\exceptions.py", line 68, in __call__
    |     await self.app(scope, receive, sender)
    |   File "C:\Users\Gayatri Tagalpallewa\OneDrive\Desktop\vs code\credit-card\venv\Lib\site-packages\fastapi\middleware\asyncexitstack.py", line 21, in __call__
    |     raise e
    |   File "C:\Users\Gayatri Tagalpallewa\OneDrive\Desktop\vs code\credit-card\venv\Lib\site-packages\fastapi\middleware\asyncexitstack.py", line 18, in __call__
    |     await self.app(scope, receive, send)
    |   File "C:\Users\Gayatri Tagalpallewa\OneDrive\Desktop\vs code\credit-card\venv\Lib\site-packages\starlette\routing.py", line 718, in __call__
    |     await route.handle(scope, receive, send)
    |   File "C:\Users\Gayatri Tagalpallewa\OneDrive\Desktop\vs code\credit-card\venv\Lib\site-packages\starlette\routing.py", line 276, in handle
    |     await self.app(scope, receive, send)
    |   File "C:\Users\Gayatri Tagalpallewa\OneDrive\Desktop\vs code\credit-card\venv\Lib\site-packages\starlette\routing.py", line 66, in app
    |     response = await func(request)
    |                ^^^^^^^^^^^^^^^^^^^
    |   File "C:\Users\Gayatri Tagalpallewa\OneDrive\Desktop\vs code\credit-card\venv\Lib\site-packages\fastapi\routing.py", line 237, in app
    |     raw_response = await run_endpoint_function(
    |                    ^^^^^^^^^^^^^^^^^^^^^^^^^^^^
    |   File "C:\Users\Gayatri Tagalpallewa\OneDrive\Desktop\vs code\credit-card\venv\Lib\site-packages\fastapi\routing.py", line 165, in run_endpoint_function
    |     return await run_in_threadpool(dependant.call, **values)
    |            ^^^^^^^^^^^^^^^^^^^^^^^^^^^^^^^^^^^^^^^^^^^^^^^^^
    |   File "C:\Users\Gayatri Tagalpallewa\OneDrive\Desktop\vs code\credit-card\venv\Lib\site-packages\starlette\concurrency.py", line 41, in run_in_threadpool
    |     return await anyio.to_thread.run_sync(func, *args)
    |            ^^^^^^^^^^^^^^^^^^^^^^^^^^^^^^^^^^^^^^^^^^^
    |   File "C:\Users\Gayatri Tagalpallewa\OneDrive\Desktop\vs code\credit-card\venv\Lib\site-packages\anyio\to_thread.py", line 61, in run_sync
    |     return await get_async_backend().run_sync_in_worker_thread(
    |            ^^^^^^^^^^^^^^^^^^^^^^^^^^^^^^^^^^^^^^^^^^^^^^^^^^^^
    |   File "C:\Users\Gayatri Tagalpallewa\OneDrive\Desktop\vs code\credit-card\venv\Lib\site-packages\anyio\_backends\_asyncio.py", line 2525, in run_sync_in_worker_thread
    |     return await future
    |            ^^^^^^^^^^^^
    |   File "C:\Users\Gayatri Tagalpallewa\OneDrive\Desktop\vs code\credit-card\venv\Lib\site-packages\anyio\_backends\_asyncio.py", line 986, in run
    |     result = context.run(func, *args)
    |              ^^^^^^^^^^^^^^^^^^^^^^^^
    |   File "C:\Users\Gayatri Tagalpallewa\OneDrive\Desktop\vs code\credit-card\venv\Lib\site-packages\chromadb\telemetry\opentelemetry\__init__.py", line 127, in wrapper
    |     return f(*args, **kwargs)
    |            ^^^^^^^^^^^^^^^^^^
    |   File "C:\Users\Gayatri Tagalpallewa\OneDrive\Desktop\vs code\credit-card\venv\Lib\site-packages\chromadb\auth\fastapi.py", line 234, in wrapped
    |     return f(*args, **kwargs)
    |            ^^^^^^^^^^^^^^^^^^
    |   File "C:\Users\Gayatri Tagalpallewa\OneDrive\Desktop\vs code\credit-card\venv\Lib\site-packages\chromadb\server\fastapi\__init__.py", line 433, in get_collection
    |     return self._api.get_collection(
    |            ^^^^^^^^^^^^^^^^^^^^^^^^^
    |   File "C:\Users\Gayatri Tagalpallewa\OneDrive\Desktop\vs code\credit-card\venv\Lib\site-packages\chromadb\telemetry\opentelemetry\__init__.py", line 127, in wrapper
    |     return f(*args, **kwargs)
    |            ^^^^^^^^^^^^^^^^^^
    |   File "C:\Users\Gayatri Tagalpallewa\OneDrive\Desktop\vs code\credit-card\venv\Lib\site-packages\chromadb\api\segment.py", line 260, in get_collection
    |     raise ValueError(f"Collection {name} does not exist.")
    | ValueError: Collection onecard_kb does not exist.
    +------------------------------------
[32mINFO[0m:     [07-12-2025 13:09:08] ::1:59959 - "GET /api/v1/collections/onecard_kb?tenant=default_tenant&database=default_database HTTP/1.1" 500
[31mERROR[0m:    [07-12-2025 13:09:09] Failed to send telemetry event ClientCreateCollectionEvent: capture() takes 1 positional argument but 3 were given
[32mINFO[0m:     [07-12-2025 13:09:09] ::1:59959 - "POST /api/v1/collections?tenant=default_tenant&database=default_database HTTP/1.1" 200
[36mDEBUG[0m:    [07-12-2025 13:09:14] Starting component PersistentLocalHnswSegment
[33mWARNING[0m:  [07-12-2025 13:09:14] Delete of nonexisting embedding ID: doc_0
[33mWARNING[0m:  [07-12-2025 13:09:14] Delete of nonexisting embedding ID: doc_1
[33mWARNING[0m:  [07-12-2025 13:09:14] Delete of nonexisting embedding ID: doc_2
[33mWARNING[0m:  [07-12-2025 13:09:14] Delete of nonexisting embedding ID: doc_3
[31mERROR[0m:    [07-12-2025 13:09:14] Failed to send telemetry event CollectionDeleteEvent: capture() takes 1 positional argument but 3 were given
[32mINFO[0m:     [07-12-2025 13:09:14] ::1:59959 - "POST /api/v1/collections/7e9e8e0e-8cdd-4cf9-9c95-16b69de75584/delete HTTP/1.1" 200
[32mINFO[0m:     [07-12-2025 13:09:14] ::1:59959 - "GET /api/v1/pre-flight-checks HTTP/1.1" 200
[31mERROR[0m:    [07-12-2025 13:09:14] Failed to send telemetry event CollectionAddEvent: capture() takes 1 positional argument but 3 were given
[32mINFO[0m:     [07-12-2025 13:09:14] ::1:59959 - "POST /api/v1/collections/7e9e8e0e-8cdd-4cf9-9c95-16b69de75584/add HTTP/1.1" 201
[32mINFO[0m:     [07-12-2025 13:09:21] ::1:52094 - "GET /api/v1/tenants/default_tenant HTTP/1.1" 200
[32mINFO[0m:     [07-12-2025 13:09:21] ::1:52094 - "GET /api/v1/databases/default_database?tenant=default_tenant HTTP/1.1" 200
[32mINFO[0m:     [07-12-2025 13:10:19] Shutting down
[32mINFO[0m:     [07-12-2025 13:10:19] Waiting for application shutdown.
[32mINFO[0m:     [07-12-2025 13:10:19] Application shutdown complete.
[32mINFO[0m:     [07-12-2025 13:10:19] Finished server process [[36m13856[0m]
[33mWARNING[0m:  [07-12-2025 13:10:21] chroma_server_nofile is not supported on Windows. chroma_server_nofile will not be set.
[32mINFO[0m:     [07-12-2025 13:10:21] Anonymized telemetry enabled. See                     https://docs.trychroma.com/telemetry for more information.
[36mDEBUG[0m:    [07-12-2025 13:10:21] Starting component System
[36mDEBUG[0m:    [07-12-2025 13:10:21] Starting component OpenTelemetryClient
[36mDEBUG[0m:    [07-12-2025 13:10:21] Starting component SimpleAssignmentPolicy
[36mDEBUG[0m:    [07-12-2025 13:10:21] Starting component SqliteDB
[36mDEBUG[0m:    [07-12-2025 13:10:21] Starting component Posthog
[36mDEBUG[0m:    [07-12-2025 13:10:21] Starting component LocalSegmentManager
[36mDEBUG[0m:    [07-12-2025 13:10:21] Starting component SegmentAPI
[32mINFO[0m:     [07-12-2025 13:10:21] Started server process [[36m31992[0m]
[32mINFO[0m:     [07-12-2025 13:10:21] Waiting for application startup.
[32mINFO[0m:     [07-12-2025 13:10:21] Application startup complete.
[32mINFO[0m:     [07-12-2025 13:10:21] Uvicorn running on [1mhttp://localhost:8001[0m (Press CTRL+C to quit)
[32mINFO[0m:     [07-12-2025 13:10:40] ::1:53167 - "GET /api/v1/tenants/default_tenant HTTP/1.1" 200
[32mINFO[0m:     [07-12-2025 13:10:40] ::1:53167 - "GET /api/v1/databases/default_database?tenant=default_tenant HTTP/1.1" 200
[32mINFO[0m:     [07-12-2025 13:10:40] ::1:53168 - "GET /api/v1/collections/onecard_kb?tenant=default_tenant&database=default_database HTTP/1.1" 200
[36mDEBUG[0m:    [07-12-2025 13:10:45] Starting component PersistentLocalHnswSegment
[31mERROR[0m:    [07-12-2025 13:10:45] Failed to send telemetry event CollectionDeleteEvent: capture() takes 1 positional argument but 3 were given
[32mINFO[0m:     [07-12-2025 13:10:45] ::1:53168 - "POST /api/v1/collections/7e9e8e0e-8cdd-4cf9-9c95-16b69de75584/delete HTTP/1.1" 200
[32mINFO[0m:     [07-12-2025 13:10:45] ::1:53168 - "GET /api/v1/pre-flight-checks HTTP/1.1" 200
[31mERROR[0m:    [07-12-2025 13:10:45] Failed to send telemetry event CollectionAddEvent: capture() takes 1 positional argument but 3 were given
[32mINFO[0m:     [07-12-2025 13:10:45] ::1:53168 - "POST /api/v1/collections/7e9e8e0e-8cdd-4cf9-9c95-16b69de75584/add HTTP/1.1" 201
[32mINFO[0m:     [07-12-2025 13:12:53] Shutting down
[32mINFO[0m:     [07-12-2025 13:12:54] Waiting for application shutdown.
[32mINFO[0m:     [07-12-2025 13:12:54] Application shutdown complete.
[32mINFO[0m:     [07-12-2025 13:12:54] Finished server process [[36m31992[0m]
[33mWARNING[0m:  [07-12-2025 13:13:01] chroma_server_nofile is not supported on Windows. chroma_server_nofile will not be set.
[32mINFO[0m:     [07-12-2025 13:13:02] Anonymized telemetry enabled. See                     https://docs.trychroma.com/telemetry for more information.
[36mDEBUG[0m:    [07-12-2025 13:13:02] Starting component System
[36mDEBUG[0m:    [07-12-2025 13:13:02] Starting component OpenTelemetryClient
[36mDEBUG[0m:    [07-12-2025 13:13:02] Starting component SimpleAssignmentPolicy
[36mDEBUG[0m:    [07-12-2025 13:13:02] Starting component SqliteDB
[36mDEBUG[0m:    [07-12-2025 13:13:02] Starting component Posthog
[36mDEBUG[0m:    [07-12-2025 13:13:02] Starting component LocalSegmentManager
[36mDEBUG[0m:    [07-12-2025 13:13:02] Starting component SegmentAPI
[32mINFO[0m:     [07-12-2025 13:13:02] Started server process [[36m7160[0m]
[32mINFO[0m:     [07-12-2025 13:13:02] Waiting for application startup.
[32mINFO[0m:     [07-12-2025 13:13:02] Application startup complete.
[32mINFO[0m:     [07-12-2025 13:13:02] Uvicorn running on [1mhttp://localhost:8001[0m (Press CTRL+C to quit)
[32mINFO[0m:     [07-12-2025 13:13:41] ::1:62972 - "GET /api/v1/tenants/default_tenant HTTP/1.1" 200
[32mINFO[0m:     [07-12-2025 13:13:41] ::1:62972 - "GET /api/v1/databases/default_database?tenant=default_tenant HTTP/1.1" 200
[32mINFO[0m:     [07-12-2025 13:13:41] ::1:62973 - "GET /api/v1/collections/onecard_kb?tenant=default_tenant&database=default_database HTTP/1.1" 200
[36mDEBUG[0m:    [07-12-2025 13:13:46] Starting component PersistentLocalHnswSegment
[31mERROR[0m:    [07-12-2025 13:13:46] Failed to send telemetry event CollectionDeleteEvent: capture() takes 1 positional argument but 3 were given
[32mINFO[0m:     [07-12-2025 13:13:46] ::1:62973 - "POST /api/v1/collections/7e9e8e0e-8cdd-4cf9-9c95-16b69de75584/delete HTTP/1.1" 200
[32mINFO[0m:     [07-12-2025 13:13:46] ::1:62973 - "GET /api/v1/pre-flight-checks HTTP/1.1" 200
[31mERROR[0m:    [07-12-2025 13:13:46] Failed to send telemetry event CollectionAddEvent: capture() takes 1 positional argument but 3 were given
[32mINFO[0m:     [07-12-2025 13:13:46] ::1:62973 - "POST /api/v1/collections/7e9e8e0e-8cdd-4cf9-9c95-16b69de75584/add HTTP/1.1" 201
[32mINFO[0m:     [07-12-2025 13:16:00] Shutting down
[32mINFO[0m:     [07-12-2025 13:16:00] Waiting for application shutdown.
[32mINFO[0m:     [07-12-2025 13:16:00] Application shutdown complete.
[32mINFO[0m:     [07-12-2025 13:16:00] Finished server process [[36m7160[0m]
[33mWARNING[0m:  [07-12-2025 13:16:04] chroma_server_nofile is not supported on Windows. chroma_server_nofile will not be set.
[32mINFO[0m:     [07-12-2025 13:16:04] Anonymized telemetry enabled. See                     https://docs.trychroma.com/telemetry for more information.
[36mDEBUG[0m:    [07-12-2025 13:16:04] Starting component System
[36mDEBUG[0m:    [07-12-2025 13:16:04] Starting component OpenTelemetryClient
[36mDEBUG[0m:    [07-12-2025 13:16:04] Starting component SimpleAssignmentPolicy
[36mDEBUG[0m:    [07-12-2025 13:16:04] Starting component SqliteDB
[36mDEBUG[0m:    [07-12-2025 13:16:04] Starting component Posthog
[36mDEBUG[0m:    [07-12-2025 13:16:04] Starting component LocalSegmentManager
[36mDEBUG[0m:    [07-12-2025 13:16:04] Starting component SegmentAPI
[32mINFO[0m:     [07-12-2025 13:16:04] Started server process [[36m14792[0m]
[32mINFO[0m:     [07-12-2025 13:16:04] Waiting for application startup.
[32mINFO[0m:     [07-12-2025 13:16:04] Application startup complete.
[32mINFO[0m:     [07-12-2025 13:16:04] Uvicorn running on [1mhttp://localhost:8001[0m (Press CTRL+C to quit)
[32mINFO[0m:     [07-12-2025 13:18:03] Shutting down
[32mINFO[0m:     [07-12-2025 13:18:03] Waiting for application shutdown.
[32mINFO[0m:     [07-12-2025 13:18:03] Application shutdown complete.
[32mINFO[0m:     [07-12-2025 13:18:03] Finished server process [[36m14792[0m]
